<?xml version="1.0" encoding="UTF-8"?>
<!-- Generated by org.testng.reporters.JUnitXMLReporter -->
<testsuite hostname="DESKTOP-G36OFSP" failures="0" tests="4" name="Default test" time="0.052" errors="0" timestamp="22 Mar 2023 06:16:41 GMT">
  <testcase classname="orangehrmtestcases.Test001" name="closeapplication" time="0.014"/>
  <testcase classname="orangehrmtestcases.Test001" name="login" time="0.003"/>
  <testcase classname="orangehrmtestcases.Test001" name="logout" time="0.002"/>
  <testcase classname="orangehrmtestcases.Test001" name="openapplication" time="0.003"/>
</testsuite> <!-- Default test -->
