<?xml version="1.0" encoding="UTF-8"?>
<!-- Generated by org.testng.reporters.JUnitXMLReporter -->
<testsuite hostname="DESKTOP-G36OFSP" failures="2" tests="3" name="group" time="8.12" errors="0" timestamp="23 Mar 2023 04:47:17 GMT">
  <testcase classname="orangehrmtestcases.GroupExecution" name="launchapplication" time="0.013">
    <failure type="java.lang.NullPointerException" message="Cannot invoke &amp;quot;org.openqa.selenium.WebDriver.get(String)&amp;quot; because &amp;quot;this.driver&amp;quot; is null">
      <![CDATA[java.lang.NullPointerException: Cannot invoke "org.openqa.selenium.WebDriver.get(String)" because "this.driver" is null
	at orangehrmtestcases.GroupExecution.launchapplication(GroupExecution.java:24)
... Removed 24 stack frames]]>
    </failure>
  </testcase> <!-- launchapplication -->
  <testcase classname="orangehrmtestcases.GroupExecution" name="login" time="0.014">
    <failure type="java.lang.NullPointerException" message="Cannot invoke &amp;quot;org.openqa.selenium.WebDriver.findElement(org.openqa.selenium.By)&amp;quot; because &amp;quot;this.driver&amp;quot; is null">
      <![CDATA[java.lang.NullPointerException: Cannot invoke "org.openqa.selenium.WebDriver.findElement(org.openqa.selenium.By)" because "this.driver" is null
	at orangehrmtestcases.GroupExecution.login(GroupExecution.java:30)
... Removed 24 stack frames]]>
    </failure>
  </testcase> <!-- login -->
  <testcase classname="orangehrmtestcases.GroupExecution" name="startup" time="8.06"/>
</testsuite> <!-- group -->
